start time
grab file:  time
files done:  time
run L6.5 time
Working on /mnt/scratch/yushiqi2/L6_nu/oscNext_genie_level6_v02.00_pass2.140000.000001.i3.zst
start cnn time
bash: warning: setlocale: LC_ALL: cannot change locale (en_US.UTF-8)
Using TensorFlow backend.
WARNING:tensorflow:From /usr/local/lib/python2.7/dist-packages/tensorflow/python/ops/resource_variable_ops.py:435: colocate_with (from tensorflow.python.framework.ops) is deprecated and will be removed in a future version.
Instructions for updating:
Colocations handled automatically by placer.
2021-06-08 13:54:45.746044: I tensorflow/core/platform/cpu_feature_guard.cc:141] Your CPU supports instructions that this TensorFlow binary was not compiled to use: AVX2 FMA
2021-06-08 13:54:45.758130: E tensorflow/stream_executor/cuda/cuda_driver.cc:300] failed call to cuInit: CUDA_ERROR_NO_DEVICE: no CUDA-capable device is detected
2021-06-08 13:54:45.758625: I tensorflow/stream_executor/cuda/cuda_diagnostics.cc:148] kernel driver does not appear to be running on this host (lac-438): /proc/driver/nvidia/version does not exist
2021-06-08 13:54:45.760371: I tensorflow/core/platform/profile_utils/cpu_utils.cc:94] CPU Frequency: 2400165000 Hz
2021-06-08 13:54:45.760870: I tensorflow/compiler/xla/service/service.cc:150] XLA service 0x55c1bcb2d440 executing computations on platform Host. Devices:
2021-06-08 13:54:45.761141: I tensorflow/compiler/xla/service/service.cc:158]   StreamExecutor device (0): <undefined>, <undefined>
/mnt/research/IceCube/FLERCNN/energy_FLERCNN.hdf5
/mnt/research/IceCube/FLERCNN/zenith_FLERCNN.hdf5
/mnt/research/IceCube/FLERCNN/XYZ_FLERCNN.hdf5
/mnt/research/IceCube/FLERCNN/PID_FLERCNN.hdf5
Writing to /mnt/scratch/yushiqi2/L6_nu//oscNext_genie_level6.5_v02.00_pass2.140000.000001_FLERCNN.i3.zst
reading file: /mnt/scratch/yushiqi2/L6_nu//oscNext_genie_level6.5_v02.00_pass2.140000.000001.i3.bz2
((3096, 8, 60, 5), (3096, 19, 60, 5))
currently not transforming charge
Scaling by 25.000000
Working on index 0 of 5
Scaling by 4000.000000
Working on index 1 of 5
Scaling by 4000.000000
Working on index 2 of 5
Scaling by 4000.000000
Working on index 3 of 5
Scaling by 2000.000000
Working on index 4 of 5
currently not transforming charge
Scaling by 25.000000
Working on index 0 of 5
Scaling by 4000.000000
Working on index 1 of 5
Scaling by 4000.000000
Working on index 2 of 5
Scaling by 4000.000000
Working on index 3 of 5
Scaling by 2000.000000
Working on index 4 of 5
(3096, 1)
(3096, 2)
(3096, 5)
(3096, 6)
Time to run CNN Test on 3096 events: 1728.081388 seconds
Total time: 1759.231360
done all time
